C:\Program Files\Microsoft Visual Studio\2022\Community\MSBuild\Microsoft\VC\v170\Microsoft.CppBuild.targets(531,5): warning MSB8028: The intermediate directory (x64\Debug\) contains files shared from another project (ConsoleApplication11.vcxproj).  This can lead to incorrect clean and rebuild behavior.
  menu.cpp
  PacMan.cpp
D:\projects\pacman\ConsoleApplication11\PacMan.cpp(50,64): warning C4244: 'argument': conversion from 'int' to 'float', possible loss of data
D:\projects\pacman\ConsoleApplication11\PacMan.cpp(50,38): warning C4244: 'argument': conversion from 'int' to 'float', possible loss of data
D:\projects\pacman\ConsoleApplication11\PacMan.cpp(116,57): warning C4244: 'argument': conversion from 'double' to 'T', possible loss of data
D:\projects\pacman\ConsoleApplication11\PacMan.cpp(116,57): warning C4244:         with
D:\projects\pacman\ConsoleApplication11\PacMan.cpp(116,57): warning C4244:         [
D:\projects\pacman\ConsoleApplication11\PacMan.cpp(116,57): warning C4244:             T=int
D:\projects\pacman\ConsoleApplication11\PacMan.cpp(116,57): warning C4244:         ]
D:\projects\pacman\ConsoleApplication11\PacMan.cpp(116,48): warning C4244: 'argument': conversion from 'double' to 'T', possible loss of data
D:\projects\pacman\ConsoleApplication11\PacMan.cpp(116,48): warning C4244:         with
D:\projects\pacman\ConsoleApplication11\PacMan.cpp(116,48): warning C4244:         [
D:\projects\pacman\ConsoleApplication11\PacMan.cpp(116,48): warning C4244:             T=int
D:\projects\pacman\ConsoleApplication11\PacMan.cpp(116,48): warning C4244:         ]
D:\projects\pacman\ConsoleApplication11\PacMan.cpp(214,44): warning C4244: 'argument': conversion from 'int' to 'float', possible loss of data
D:\projects\pacman\ConsoleApplication11\PacMan.cpp(214,35): warning C4244: 'argument': conversion from 'int' to 'float', possible loss of data
D:\projects\pacman\ConsoleApplication11\PacMan.cpp(241,50): warning C4244: 'argument': conversion from 'double' to 'T', possible loss of data
D:\projects\pacman\ConsoleApplication11\PacMan.cpp(241,50): warning C4244:         with
D:\projects\pacman\ConsoleApplication11\PacMan.cpp(241,50): warning C4244:         [
D:\projects\pacman\ConsoleApplication11\PacMan.cpp(241,50): warning C4244:             T=int
D:\projects\pacman\ConsoleApplication11\PacMan.cpp(241,50): warning C4244:         ]
D:\projects\pacman\ConsoleApplication11\PacMan.cpp(241,41): warning C4244: 'argument': conversion from 'double' to 'T', possible loss of data
D:\projects\pacman\ConsoleApplication11\PacMan.cpp(241,41): warning C4244:         with
D:\projects\pacman\ConsoleApplication11\PacMan.cpp(241,41): warning C4244:         [
D:\projects\pacman\ConsoleApplication11\PacMan.cpp(241,41): warning C4244:             T=int
D:\projects\pacman\ConsoleApplication11\PacMan.cpp(241,41): warning C4244:         ]
D:\projects\pacman\ConsoleApplication11\PacMan.cpp(259,58): warning C4244: 'argument': conversion from 'double' to 'T', possible loss of data
D:\projects\pacman\ConsoleApplication11\PacMan.cpp(259,58): warning C4244:         with
D:\projects\pacman\ConsoleApplication11\PacMan.cpp(259,58): warning C4244:         [
D:\projects\pacman\ConsoleApplication11\PacMan.cpp(259,58): warning C4244:             T=int
D:\projects\pacman\ConsoleApplication11\PacMan.cpp(259,58): warning C4244:         ]
D:\projects\pacman\ConsoleApplication11\PacMan.cpp(259,49): warning C4244: 'argument': conversion from 'double' to 'T', possible loss of data
D:\projects\pacman\ConsoleApplication11\PacMan.cpp(259,49): warning C4244:         with
D:\projects\pacman\ConsoleApplication11\PacMan.cpp(259,49): warning C4244:         [
D:\projects\pacman\ConsoleApplication11\PacMan.cpp(259,49): warning C4244:             T=int
D:\projects\pacman\ConsoleApplication11\PacMan.cpp(259,49): warning C4244:         ]
D:\projects\pacman\ConsoleApplication11\PacMan.cpp(259,38): warning C4244: 'argument': conversion from 'double' to 'T', possible loss of data
D:\projects\pacman\ConsoleApplication11\PacMan.cpp(259,38): warning C4244:         with
D:\projects\pacman\ConsoleApplication11\PacMan.cpp(259,38): warning C4244:         [
D:\projects\pacman\ConsoleApplication11\PacMan.cpp(259,38): warning C4244:             T=int
D:\projects\pacman\ConsoleApplication11\PacMan.cpp(259,38): warning C4244:         ]
D:\projects\pacman\ConsoleApplication11\PacMan.cpp(275,58): warning C4244: 'argument': conversion from 'double' to 'T', possible loss of data
D:\projects\pacman\ConsoleApplication11\PacMan.cpp(275,58): warning C4244:         with
D:\projects\pacman\ConsoleApplication11\PacMan.cpp(275,58): warning C4244:         [
D:\projects\pacman\ConsoleApplication11\PacMan.cpp(275,58): warning C4244:             T=int
D:\projects\pacman\ConsoleApplication11\PacMan.cpp(275,58): warning C4244:         ]
D:\projects\pacman\ConsoleApplication11\PacMan.cpp(275,49): warning C4244: 'argument': conversion from 'double' to 'T', possible loss of data
D:\projects\pacman\ConsoleApplication11\PacMan.cpp(275,49): warning C4244:         with
D:\projects\pacman\ConsoleApplication11\PacMan.cpp(275,49): warning C4244:         [
D:\projects\pacman\ConsoleApplication11\PacMan.cpp(275,49): warning C4244:             T=int
D:\projects\pacman\ConsoleApplication11\PacMan.cpp(275,49): warning C4244:         ]
D:\projects\pacman\ConsoleApplication11\PacMan.cpp(275,38): warning C4244: 'argument': conversion from 'double' to 'T', possible loss of data
D:\projects\pacman\ConsoleApplication11\PacMan.cpp(275,38): warning C4244:         with
D:\projects\pacman\ConsoleApplication11\PacMan.cpp(275,38): warning C4244:         [
D:\projects\pacman\ConsoleApplication11\PacMan.cpp(275,38): warning C4244:             T=int
D:\projects\pacman\ConsoleApplication11\PacMan.cpp(275,38): warning C4244:         ]
D:\projects\pacman\ConsoleApplication11\PacMan.cpp(291,58): warning C4244: 'argument': conversion from 'double' to 'T', possible loss of data
D:\projects\pacman\ConsoleApplication11\PacMan.cpp(291,58): warning C4244:         with
D:\projects\pacman\ConsoleApplication11\PacMan.cpp(291,58): warning C4244:         [
D:\projects\pacman\ConsoleApplication11\PacMan.cpp(291,58): warning C4244:             T=int
D:\projects\pacman\ConsoleApplication11\PacMan.cpp(291,58): warning C4244:         ]
D:\projects\pacman\ConsoleApplication11\PacMan.cpp(291,49): warning C4244: 'argument': conversion from 'double' to 'T', possible loss of data
D:\projects\pacman\ConsoleApplication11\PacMan.cpp(291,49): warning C4244:         with
D:\projects\pacman\ConsoleApplication11\PacMan.cpp(291,49): warning C4244:         [
D:\projects\pacman\ConsoleApplication11\PacMan.cpp(291,49): warning C4244:             T=int
D:\projects\pacman\ConsoleApplication11\PacMan.cpp(291,49): warning C4244:         ]
D:\projects\pacman\ConsoleApplication11\PacMan.cpp(291,38): warning C4244: 'argument': conversion from 'double' to 'T', possible loss of data
D:\projects\pacman\ConsoleApplication11\PacMan.cpp(291,38): warning C4244:         with
D:\projects\pacman\ConsoleApplication11\PacMan.cpp(291,38): warning C4244:         [
D:\projects\pacman\ConsoleApplication11\PacMan.cpp(291,38): warning C4244:             T=int
D:\projects\pacman\ConsoleApplication11\PacMan.cpp(291,38): warning C4244:         ]
D:\projects\pacman\ConsoleApplication11\PacMan.cpp(338,72): warning C4244: 'argument': conversion from 'double' to 'float', possible loss of data
D:\projects\pacman\ConsoleApplication11\PacMan.cpp(338,47): warning C4244: 'argument': conversion from 'double' to 'float', possible loss of data
D:\projects\pacman\ConsoleApplication11\PacMan.cpp(550,63): warning C4244: 'argument': conversion from 'int' to 'float', possible loss of data
D:\projects\pacman\ConsoleApplication11\PacMan.cpp(550,37): warning C4244: 'argument': conversion from 'int' to 'float', possible loss of data
  Generating Code...
  ConsoleApplication11.vcxproj -> D:\projects\pacman\x64\Debug\Game develomnet.exe
